<?xml version="1.0" encoding="UTF-8"?>
<testng-results skipped="0" failed="0" total="1" passed="1">
  <reporter-output>
  </reporter-output>
  <suite name="Default suite" duration-ms="47444" started-at="2016-05-09T21:49:21Z" finished-at="2016-05-09T21:50:08Z">
    <groups>
    </groups>
    <test name="Default test" duration-ms="47444" started-at="2016-05-09T21:49:21Z" finished-at="2016-05-09T21:50:08Z">
      <class name="tests.BookingUpToADeclinedPayment">
        <test-method status="PASS" signature="setup()[pri:0, instance:tests.BookingUpToADeclinedPayment@5c7fa833]" name="setup" is-config="true" duration-ms="6746" started-at="2016-05-09T23:49:21Z" finished-at="2016-05-09T23:49:27Z">
          <reporter-output>
          </reporter-output>
        </test-method> <!-- setup -->
        <test-method status="PASS" signature="VerifyErrorMessage()[pri:0, instance:tests.BookingUpToADeclinedPayment@5c7fa833]" name="VerifyErrorMessage" duration-ms="40689" started-at="2016-05-09T23:49:27Z" finished-at="2016-05-09T23:50:08Z">
          <reporter-output>
          </reporter-output>
        </test-method> <!-- VerifyErrorMessage -->
      </class> <!-- tests.BookingUpToADeclinedPayment -->
    </test> <!-- Default test -->
  </suite> <!-- Default suite -->
</testng-results>
